===============================================================
Gobuster v3.0.1
by OJ Reeves (@TheColonial) & Christian Mehlmauer (@_FireFart_)
===============================================================
[+] Url:            http://10.10.86.227
[+] Threads:        100
[+] Wordlist:       /opt/directory-list-lowercase-2.3-medium.txt
[+] Status codes:   200,204,301,302,307,401,403
[+] User Agent:     gobuster/3.0.1
[+] Extensions:     js,txt,html,php
[+] Timeout:        10s
===============================================================
2020/12/11 15:14:20 Starting gobuster
===============================================================
/about.php (Status: 200)
/about.html (Status: 200)
/index.html (Status: 200)
/uploads (Status: 301)
/robots.txt (Status: 200)
/secret (Status: 301)
/myths.html (Status: 200)
/server-status (Status: 403)
===============================================================
2020/12/11 15:34:07 Finished
===============================================================
