# Nmap 7.91 scan initiated Wed Dec  9 18:17:26 2020 as: nmap -A -T4 -p- -vvv -oN scans/nmap.log 10.10.204.96
Nmap scan report for 10.10.204.96
Host is up, received conn-refused (0.042s latency).
Scanned at 2020-12-09 18:17:26 CET for 58s
Not shown: 65530 closed ports
Reason: 65530 conn-refused
PORT     STATE SERVICE     REASON  VERSION
21/tcp   open  ftp         syn-ack vsftpd 3.0.3
| ftp-anon: Anonymous FTP login allowed (FTP code 230)
|_drwxr-xr-x    3 ftp      ftp          4096 Sep 11 03:45 pub
| ftp-syst: 
|   STAT: 
| FTP server status:
|      Connected to ::ffff:10.11.21.215
|      Logged in as ftp
|      TYPE: ASCII
|      No session bandwidth limit
|      Session timeout in seconds is 300
|      Control connection is plain text
|      Data connections will be plain text
|      At session startup, client count was 2
|      vsFTPd 3.0.3 - secure, fast, stable
|_End of status
22/tcp   open  ssh         syn-ack OpenSSH 7.2p2 Ubuntu 4ubuntu2.10 (Ubuntu Linux; protocol 2.0)
| ssh-hostkey: 
|   2048 0c:84:1b:36:b2:a2:e1:11:dd:6a:ef:42:7b:0d:bb:43 (RSA)
| ssh-rsa AAAAB3NzaC1yc2EAAAADAQABAAABAQCYrqlEH/5dR4LGfKThK3BQuCVPxx91asS9FfOewAooNFJf4zsESd/VCHcfQCXEHucZo7+xdceZklC7PwhzmybjkN79iQcd040gw5kg0htMWuVzdzcVFowV0hC1o7Rbze7zLya1B1C105aEoRKVHVeTx0ishoJfJlkJBlx2nKrKWciDYbJQvG+1TxEJaEM4KkmkO31y0L7C3nsdaEd+Z/lNIo6JfbxwrOb6vBonPLS/lZDJdaY0vrdZJ81FRiMbSuUIj3lEtDAZNWBTwXx5kO3fwodw4KbS0ukW5srZX5TLmf/Q/T8ooCnJMLvaksIXKl0r8fjJIx0QucoCwhCTR2o1
|   256 e2:5d:9e:e7:28:ea:d3:dd:d4:cc:20:86:a3:df:23:b8 (ECDSA)
| ecdsa-sha2-nistp256 AAAAE2VjZHNhLXNoYTItbmlzdHAyNTYAAAAIbmlzdHAyNTYAAABBBNSB3jALoSxl/A6Jtpf21NoRfbr8ICR6FpH+bbprQ17LUFUm6pUrhDSx134JBYKLOfFljhNKR57LLS6LAK0bKB0=
|   256 ec:be:23:7b:a9:4c:21:85:bc:a8:db:0e:7c:39:de:49 (ED25519)
|_ssh-ed25519 AAAAC3NzaC1lZDI1NTE5AAAAII4VHJRelvecImJNkkZcKdI+vK0Hn1SjMT2r8SaiLiK3
139/tcp  open  netbios-ssn syn-ack Samba smbd 3.X - 4.X (workgroup: WORKGROUP)
445/tcp  open  netbios-ssn syn-ack Samba smbd 4.3.11-Ubuntu (workgroup: WORKGROUP)
1337/tcp open  http        syn-ack Apache httpd 2.4.18 ((Ubuntu))
| http-methods: 
|_  Supported Methods: GET HEAD POST OPTIONS
|_http-server-header: Apache/2.4.18 (Ubuntu)
|_http-title: Apache2 Ubuntu Default Page: It works
Service Info: Host: NERDHERD; OSs: Unix, Linux; CPE: cpe:/o:linux:linux_kernel

Host script results:
|_clock-skew: mean: -39m59s, deviation: 1h09m16s, median: 0s
| nbstat: NetBIOS name: NERDHERD, NetBIOS user: <unknown>, NetBIOS MAC: <unknown> (unknown)
| Names:
|   NERDHERD<00>         Flags: <unique><active>
|   NERDHERD<03>         Flags: <unique><active>
|   NERDHERD<20>         Flags: <unique><active>
|   \x01\x02__MSBROWSE__\x02<01>  Flags: <group><active>
|   WORKGROUP<00>        Flags: <group><active>
|   WORKGROUP<1d>        Flags: <unique><active>
|   WORKGROUP<1e>        Flags: <group><active>
| Statistics:
|   00 00 00 00 00 00 00 00 00 00 00 00 00 00 00 00 00
|   00 00 00 00 00 00 00 00 00 00 00 00 00 00 00 00 00
|_  00 00 00 00 00 00 00 00 00 00 00 00 00 00
| p2p-conficker: 
|   Checking for Conficker.C or higher...
|   Check 1 (port 56302/tcp): CLEAN (Couldn't connect)
|   Check 2 (port 17362/tcp): CLEAN (Couldn't connect)
|   Check 3 (port 60838/udp): CLEAN (Failed to receive data)
|   Check 4 (port 60101/udp): CLEAN (Failed to receive data)
|_  0/4 checks are positive: Host is CLEAN or ports are blocked
| smb-os-discovery: 
|   OS: Windows 6.1 (Samba 4.3.11-Ubuntu)
|   Computer name: nerdherd
|   NetBIOS computer name: NERDHERD\x00
|   Domain name: \x00
|   FQDN: nerdherd
|_  System time: 2020-12-09T19:18:20+02:00
| smb-security-mode: 
|   account_used: guest
|   authentication_level: user
|   challenge_response: supported
|_  message_signing: disabled (dangerous, but default)
| smb2-security-mode: 
|   2.02: 
|_    Message signing enabled but not required
| smb2-time: 
|   date: 2020-12-09T17:18:20
|_  start_date: N/A

Read data files from: /usr/bin/../share/nmap
Service detection performed. Please report any incorrect results at https://nmap.org/submit/ .
# Nmap done at Wed Dec  9 18:18:24 2020 -- 1 IP address (1 host up) scanned in 58.34 seconds
