# Nmap 7.91 scan initiated Sun Dec  6 16:18:10 2020 as: nmap -A -T4 -p- -vvv -oN scans/nmap.log 10.10.146.170
Nmap scan report for 10.10.146.170
Host is up, received reset ttl 63 (0.040s latency).
Scanned at 2020-12-06 16:18:11 CET for 67s
Not shown: 65531 closed ports
Reason: 65531 resets
PORT     STATE SERVICE      REASON         VERSION
22/tcp   open  ssh          syn-ack ttl 63 OpenSSH 7.2p2 Ubuntu 4ubuntu2.8 (Ubuntu Linux; protocol 2.0)
| ssh-hostkey: 
|   2048 9d:f8:d1:57:13:24:81:b6:18:5d:04:8e:d2:38:4f:90 (RSA)
| ssh-rsa AAAAB3NzaC1yc2EAAAADAQABAAABAQDdVrdscXW6Eaq1+q+MgEBuU8ngjH5elzu6EOX2UJzNKcvAgxLrV0gCtWb4dJiJ2TyCLmA5lr0+8/TCInbcNfvXbmMEjxv0H3mi4Wjc/6wLECBXmEBvPX/SUyxPQb9YusTj70qGxgyI6SCB13TKftGeHOn2YRGLkudRF5ptIWYZqRnwlmYDWvuEBotWyUpfC1fGEnk7iH6gr3XJ8pwhY8wOojWaXEPsSZux3iBO52GuHILC14OiR/rQz9jxsq4brm6Zk/RhPCt1Ct/5ytsPzmUi7Nvwz6UoR6AeSRSHxOCnNBRQc2+5tFY7JMBBtvOFtbASOleILHkmTJBuRK3jth5D
|   256 e1:e6:7a:a1:a1:1c:be:03:d2:4e:27:1b:0d:0a:ec:b1 (ECDSA)
| ecdsa-sha2-nistp256 AAAAE2VjZHNhLXNoYTItbmlzdHAyNTYAAAAIbmlzdHAyNTYAAABBBD2fQ/bb8Gwa5L5++T3T5JC7ZvciybYTlcWE9Djbzuco0f86gp3GOzTeVaDuhOWkR6J3fwxxwDWPk6k7NacceG0=
|   256 2a:ba:e5:c5:fb:51:38:17:45:e7:b1:54:ca:a1:a3:fc (ED25519)
|_ssh-ed25519 AAAAC3NzaC1lZDI1NTE5AAAAIJk7PJIcjNmxjQK6/M1zKyptfTrUS2l0ZsELrO3prOA0
80/tcp   open  http         syn-ack ttl 63 Apache httpd 2.4.18 ((Ubuntu))
| http-methods: 
|_  Supported Methods: OPTIONS GET HEAD POST
|_http-server-header: Apache/2.4.18 (Ubuntu)
|_http-title: Site doesn't have a title (text/html).
5044/tcp open  lxi-evntsvc? syn-ack ttl 63
5601/tcp open  esmagent?    syn-ack ttl 63
| fingerprint-strings: 
|   DNSStatusRequestTCP, DNSVersionBindReqTCP, Help, Kerberos, LDAPBindReq, LDAPSearchReq, LPDString, RPCCheck, RTSPRequest, SIPOptions, SMBProgNeg, SSLSessionReq, TLSSessionReq, TerminalServerCookie, X11Probe: 
|     HTTP/1.1 400 Bad Request
|   FourOhFourRequest: 
|     HTTP/1.1 404 Not Found
|     kbn-name: kibana
|     kbn-xpack-sig: c4d007a8c4d04923283ef48ab54e3e6c
|     content-type: application/json; charset=utf-8
|     cache-control: no-cache
|     content-length: 60
|     connection: close
|     Date: Sun, 06 Dec 2020 15:19:02 GMT
|     {"statusCode":404,"error":"Not Found","message":"Not Found"}
|   GetRequest: 
|     HTTP/1.1 302 Found
|     location: /app/kibana
|     kbn-name: kibana
|     kbn-xpack-sig: c4d007a8c4d04923283ef48ab54e3e6c
|     cache-control: no-cache
|     content-length: 0
|     connection: close
|     Date: Sun, 06 Dec 2020 15:19:01 GMT
|   HTTPOptions: 
|     HTTP/1.1 404 Not Found
|     kbn-name: kibana
|     kbn-xpack-sig: c4d007a8c4d04923283ef48ab54e3e6c
|     content-type: application/json; charset=utf-8
|     cache-control: no-cache
|     content-length: 38
|     connection: close
|     Date: Sun, 06 Dec 2020 15:19:01 GMT
|_    {"statusCode":404,"error":"Not Found"}
1 service unrecognized despite returning data. If you know the service/version, please submit the following fingerprint at https://nmap.org/cgi-bin/submit.cgi?new-service :
SF-Port5601-TCP:V=7.91%I=7%D=12/6%Time=5FCCF666%P=x86_64-pc-linux-gnu%r(Ge
SF:tRequest,D4,"HTTP/1\.1\x20302\x20Found\r\nlocation:\x20/app/kibana\r\nk
SF:bn-name:\x20kibana\r\nkbn-xpack-sig:\x20c4d007a8c4d04923283ef48ab54e3e6
SF:c\r\ncache-control:\x20no-cache\r\ncontent-length:\x200\r\nconnection:\
SF:x20close\r\nDate:\x20Sun,\x2006\x20Dec\x202020\x2015:19:01\x20GMT\r\n\r
SF:\n")%r(HTTPOptions,117,"HTTP/1\.1\x20404\x20Not\x20Found\r\nkbn-name:\x
SF:20kibana\r\nkbn-xpack-sig:\x20c4d007a8c4d04923283ef48ab54e3e6c\r\nconte
SF:nt-type:\x20application/json;\x20charset=utf-8\r\ncache-control:\x20no-
SF:cache\r\ncontent-length:\x2038\r\nconnection:\x20close\r\nDate:\x20Sun,
SF:\x2006\x20Dec\x202020\x2015:19:01\x20GMT\r\n\r\n{\"statusCode\":404,\"e
SF:rror\":\"Not\x20Found\"}")%r(RTSPRequest,1C,"HTTP/1\.1\x20400\x20Bad\x2
SF:0Request\r\n\r\n")%r(RPCCheck,1C,"HTTP/1\.1\x20400\x20Bad\x20Request\r\
SF:n\r\n")%r(DNSVersionBindReqTCP,1C,"HTTP/1\.1\x20400\x20Bad\x20Request\r
SF:\n\r\n")%r(DNSStatusRequestTCP,1C,"HTTP/1\.1\x20400\x20Bad\x20Request\r
SF:\n\r\n")%r(Help,1C,"HTTP/1\.1\x20400\x20Bad\x20Request\r\n\r\n")%r(SSLS
SF:essionReq,1C,"HTTP/1\.1\x20400\x20Bad\x20Request\r\n\r\n")%r(TerminalSe
SF:rverCookie,1C,"HTTP/1\.1\x20400\x20Bad\x20Request\r\n\r\n")%r(TLSSessio
SF:nReq,1C,"HTTP/1\.1\x20400\x20Bad\x20Request\r\n\r\n")%r(Kerberos,1C,"HT
SF:TP/1\.1\x20400\x20Bad\x20Request\r\n\r\n")%r(SMBProgNeg,1C,"HTTP/1\.1\x
SF:20400\x20Bad\x20Request\r\n\r\n")%r(X11Probe,1C,"HTTP/1\.1\x20400\x20Ba
SF:d\x20Request\r\n\r\n")%r(FourOhFourRequest,12D,"HTTP/1\.1\x20404\x20Not
SF:\x20Found\r\nkbn-name:\x20kibana\r\nkbn-xpack-sig:\x20c4d007a8c4d049232
SF:83ef48ab54e3e6c\r\ncontent-type:\x20application/json;\x20charset=utf-8\
SF:r\ncache-control:\x20no-cache\r\ncontent-length:\x2060\r\nconnection:\x
SF:20close\r\nDate:\x20Sun,\x2006\x20Dec\x202020\x2015:19:02\x20GMT\r\n\r\
SF:n{\"statusCode\":404,\"error\":\"Not\x20Found\",\"message\":\"Not\x20Fo
SF:und\"}")%r(LPDString,1C,"HTTP/1\.1\x20400\x20Bad\x20Request\r\n\r\n")%r
SF:(LDAPSearchReq,1C,"HTTP/1\.1\x20400\x20Bad\x20Request\r\n\r\n")%r(LDAPB
SF:indReq,1C,"HTTP/1\.1\x20400\x20Bad\x20Request\r\n\r\n")%r(SIPOptions,1C
SF:,"HTTP/1\.1\x20400\x20Bad\x20Request\r\n\r\n");
No exact OS matches for host (If you know what OS is running on it, see https://nmap.org/submit/ ).
TCP/IP fingerprint:
OS:SCAN(V=7.91%E=4%D=12/6%OT=22%CT=1%CU=33126%PV=Y%DS=2%DC=T%G=Y%TM=5FCCF67
OS:6%P=x86_64-pc-linux-gnu)SEQ(SP=106%GCD=1%ISR=10C%TI=Z%CI=I%II=I%TS=8)OPS
OS:(O1=M505ST11NW7%O2=M505ST11NW7%O3=M505NNT11NW7%O4=M505ST11NW7%O5=M505ST1
OS:1NW7%O6=M505ST11)WIN(W1=68DF%W2=68DF%W3=68DF%W4=68DF%W5=68DF%W6=68DF)ECN
OS:(R=Y%DF=Y%T=40%W=6903%O=M505NNSNW7%CC=Y%Q=)T1(R=Y%DF=Y%T=40%S=O%A=S+%F=A
OS:S%RD=0%Q=)T2(R=N)T3(R=N)T4(R=Y%DF=Y%T=40%W=0%S=A%A=Z%F=R%O=%RD=0%Q=)T5(R
OS:=Y%DF=Y%T=40%W=0%S=Z%A=S+%F=AR%O=%RD=0%Q=)T6(R=Y%DF=Y%T=40%W=0%S=A%A=Z%F
OS:=R%O=%RD=0%Q=)T7(R=Y%DF=Y%T=40%W=0%S=Z%A=S+%F=AR%O=%RD=0%Q=)U1(R=Y%DF=N%
OS:T=40%IPL=164%UN=0%RIPL=G%RID=G%RIPCK=G%RUCK=G%RUD=G)IE(R=Y%DFI=N%T=40%CD
OS:=S)

Uptime guess: 0.045 days (since Sun Dec  6 15:14:32 2020)
Network Distance: 2 hops
TCP Sequence Prediction: Difficulty=262 (Good luck!)
IP ID Sequence Generation: All zeros
Service Info: OS: Linux; CPE: cpe:/o:linux:linux_kernel

TRACEROUTE (using port 53/tcp)
HOP RTT      ADDRESS
1   39.68 ms 10.11.0.1
2   39.73 ms 10.10.146.170

Read data files from: /usr/bin/../share/nmap
OS and Service detection performed. Please report any incorrect results at https://nmap.org/submit/ .
# Nmap done at Sun Dec  6 16:19:18 2020 -- 1 IP address (1 host up) scanned in 67.44 seconds
