[1m[38;2;0;255;0m.[38;2;0;255;6m-[38;2;0;255;13m-[38;2;0;255;19m-[38;2;0;255;25m-[38;2;0;255;32m.[38;2;0;255;38m [38;2;0;255;45m.[38;2;0;255;51m-[38;2;0;255;57m.[38;2;0;255;64m [38;2;0;255;70m.[38;2;0;255;76m-[38;2;0;255;83m.[38;2;0;255;89m [38;2;0;255;96m.[38;2;0;255;102m-[38;2;0;255;108m-[38;2;0;255;115m-[38;2;0;255;121m-[38;2;0;255;127m.[38;2;0;255;134m.[38;2;0;255;140m-[38;2;0;255;147m-[38;2;0;255;153m-[38;2;0;255;159m.[38;2;0;255;166m [38;2;0;255;172m [38;2;0;255;178m.[38;2;0;255;185m-[38;2;0;255;191m-[38;2;0;255;198m-[38;2;0;255;204m-[38;2;0;255;210m.[38;2;0;255;217m [38;2;0;255;223m.[38;2;0;255;229m-[38;2;0;255;236m-[38;2;0;255;242m-[38;2;0;255;249m.[38;2;0;255;255m [38;2;0;249;255m [38;2;0;242;255m [38;2;0;236;255m.[38;2;0;230;255m-[38;2;0;223;255m-[38;2;0;217;255m.[38;2;0;210;255m [38;2;0;204;255m [38;2;0;198;255m.[38;2;0;191;255m-[38;2;0;185;255m.[38;2;0;179;255m [38;2;0;172;255m.[38;2;0;166;255m-[38;2;0;159;255m.[0m
[38;2;0;255;0m|[38;2;0;255;6m [38;2;0;255;13m{[38;2;0;255;19m}[38;2;0;255;25m [38;2;0;255;32m [38;2;0;255;38m}[38;2;0;255;45m|[38;2;0;255;51m [38;2;0;255;57m{[38;2;0;255;64m [38;2;0;255;70m}[38;2;0;255;76m [38;2;0;255;83m|[38;2;0;255;89m{[38;2;0;255;96m [38;2;0;255;102m{[38;2;0;255;108m_[38;2;0;255;115m_[38;2;0;255;121m [38;2;0;255;127m{[38;2;0;255;134m_[38;2;0;255;140m [38;2;0;255;147m [38;2;0;255;153m [38;2;0;255;159m_[38;2;0;255;166m}[38;2;0;255;172m{[38;2;0;255;178m [38;2;0;255;185m{[38;2;0;255;191m_[38;2;0;255;198m_[38;2;0;255;204m [38;2;0;255;210m [38;2;0;255;217m/[38;2;0;255;223m [38;2;0;255;229m [38;2;0;255;236m_[38;2;0;255;242m_[38;2;0;255;249m_[38;2;0;255;255m}[38;2;0;249;255m [38;2;0;242;255m/[38;2;0;236;255m [38;2;0;230;255m{[38;2;0;223;255m}[38;2;0;217;255m [38;2;0;210;255m\[38;2;0;204;255m [38;2;0;198;255m|[38;2;0;191;255m [38;2;0;185;255m [38;2;0;179;255m`[38;2;0;172;255m|[38;2;0;166;255m [38;2;0;159;255m|[0m
[38;2;0;255;0m|[38;2;0;255;6m [38;2;0;255;13m.[38;2;0;255;19m-[38;2;0;255;25m.[38;2;0;255;32m [38;2;0;255;38m\[38;2;0;255;45m|[38;2;0;255;51m [38;2;0;255;57m{[38;2;0;255;64m_[38;2;0;255;70m}[38;2;0;255;76m [38;2;0;255;83m|[38;2;0;255;89m.[38;2;0;255;96m-[38;2;0;255;102m.[38;2;0;255;108m_[38;2;0;255;115m}[38;2;0;255;121m [38;2;0;255;127m}[38;2;0;255;134m [38;2;0;255;140m|[38;2;0;255;147m [38;2;0;255;153m|[38;2;0;255;159m [38;2;0;255;166m [38;2;0;255;172m.[38;2;0;255;178m-[38;2;0;255;185m.[38;2;0;255;191m_[38;2;0;255;198m}[38;2;0;255;204m [38;2;0;255;210m}[38;2;0;255;217m\[38;2;0;255;223m [38;2;0;255;229m [38;2;0;255;236m [38;2;0;255;242m [38;2;0;255;249m [38;2;0;255;255m}[38;2;0;249;255m/[38;2;0;242;255m [38;2;0;236;255m [38;2;0;230;255m/[38;2;0;223;255m\[38;2;0;217;255m [38;2;0;210;255m [38;2;0;204;255m\[38;2;0;198;255m|[38;2;0;191;255m [38;2;0;185;255m|[38;2;0;179;255m\[38;2;0;172;255m [38;2;0;166;255m [38;2;0;159;255m|[0m
[38;2;0;255;0m`[38;2;0;255;6m-[38;2;0;255;13m'[38;2;0;255;19m [38;2;0;255;25m`[38;2;0;255;32m-[38;2;0;255;38m'[38;2;0;255;45m`[38;2;0;255;51m-[38;2;0;255;57m-[38;2;0;255;64m-[38;2;0;255;70m-[38;2;0;255;76m-[38;2;0;255;83m'[38;2;0;255;89m`[38;2;0;255;96m-[38;2;0;255;102m-[38;2;0;255;108m-[38;2;0;255;115m-[38;2;0;255;121m'[38;2;0;255;127m [38;2;0;255;134m [38;2;0;255;140m`[38;2;0;255;147m-[38;2;0;255;153m'[38;2;0;255;159m [38;2;0;255;166m [38;2;0;255;172m`[38;2;0;255;178m-[38;2;0;255;185m-[38;2;0;255;191m-[38;2;0;255;198m-[38;2;0;255;204m'[38;2;0;255;210m [38;2;0;255;217m [38;2;0;255;223m`[38;2;0;255;229m-[38;2;0;255;236m-[38;2;0;255;242m-[38;2;0;255;249m'[38;2;0;255;255m [38;2;0;249;255m`[38;2;0;242;255m-[38;2;0;236;255m'[38;2;0;230;255m [38;2;0;223;255m [38;2;0;217;255m`[38;2;0;210;255m-[38;2;0;204;255m'[38;2;0;198;255m`[38;2;0;191;255m-[38;2;0;185;255m'[38;2;0;179;255m [38;2;0;172;255m`[38;2;0;166;255m-[38;2;0;159;255m'[0m
[38;2;0;255;0mT[38;2;0;255;6mh[38;2;0;255;13me[38;2;0;255;19m [38;2;0;255;25mM[38;2;0;255;32mo[38;2;0;255;38md[38;2;0;255;45me[38;2;0;255;51mr[38;2;0;255;57mn[38;2;0;255;64m [38;2;0;255;70mD[38;2;0;255;76ma[38;2;0;255;83my[38;2;0;255;89m [38;2;0;255;96mP[38;2;0;255;102mo[38;2;0;255;108mr[38;2;0;255;115mt[38;2;0;255;121m [38;2;0;255;127mS[38;2;0;255;134mc[38;2;0;255;140ma[38;2;0;255;147mn[38;2;0;255;153mn[38;2;0;255;159me[38;2;0;255;166mr[38;2;0;255;172m.[0m[0m
[1m[38;2;255;255;0m_[38;2;249;255;0m_[38;2;242;255;0m_[38;2;236;255;0m_[38;2;230;255;0m_[38;2;223;255;0m_[38;2;217;255;0m_[38;2;210;255;0m_[38;2;204;255;0m_[38;2;198;255;0m_[38;2;191;255;0m_[38;2;185;255;0m_[38;2;179;255;0m_[38;2;172;255;0m_[38;2;166;255;0m_[38;2;159;255;0m_[38;2;153;255;0m_[38;2;147;255;0m_[38;2;140;255;0m_[38;2;134;255;0m_[38;2;128;255;0m_[38;2;121;255;0m_[38;2;115;255;0m_[38;2;108;255;0m_[38;2;102;255;0m_[38;2;96;255;0m_[38;2;89;255;0m_[38;2;83;255;0m_[38;2;77;255;0m_[38;2;70;255;0m_[38;2;64;255;0m_[38;2;57;255;0m_[38;2;51;255;0m_[38;2;45;255;0m_[38;2;38;255;0m_[38;2;32;255;0m_[38;2;26;255;0m_[38;2;19;255;0m_[38;2;13;255;0m_[38;2;6;255;0m_[0m
[38;2;255;255;0m:[38;2;249;255;0m [38;2;242;255;0mh[38;2;236;255;0mt[38;2;230;255;0mt[38;2;223;255;0mp[38;2;217;255;0ms[38;2;210;255;0m:[38;2;204;255;0m/[38;2;198;255;0m/[38;2;191;255;0md[38;2;185;255;0mi[38;2;179;255;0ms[38;2;172;255;0mc[38;2;166;255;0mo[38;2;159;255;0mr[38;2;153;255;0md[38;2;147;255;0m.[38;2;140;255;0mg[38;2;134;255;0mg[38;2;128;255;0m/[38;2;121;255;0mG[38;2;115;255;0mF[38;2;108;255;0mr[38;2;102;255;0mQ[38;2;96;255;0ms[38;2;89;255;0mG[38;2;83;255;0my[38;2;77;255;0m [38;2;70;255;0m [38;2;64;255;0m [38;2;57;255;0m [38;2;51;255;0m [38;2;45;255;0m [38;2;38;255;0m [38;2;32;255;0m [38;2;26;255;0m [38;2;19;255;0m [38;2;13;255;0m [38;2;6;255;0m:[0m
[38;2;255;255;0m:[38;2;249;255;0m [38;2;242;255;0mh[38;2;236;255;0mt[38;2;230;255;0mt[38;2;223;255;0mp[38;2;217;255;0ms[38;2;210;255;0m:[38;2;204;255;0m/[38;2;198;255;0m/[38;2;191;255;0mg[38;2;185;255;0mi[38;2;179;255;0mt[38;2;172;255;0mh[38;2;166;255;0mu[38;2;159;255;0mb[38;2;153;255;0m.[38;2;147;255;0mc[38;2;140;255;0mo[38;2;134;255;0mm[38;2;128;255;0m/[38;2;121;255;0mR[38;2;115;255;0mu[38;2;108;255;0ms[38;2;102;255;0mt[38;2;96;255;0mS[38;2;89;255;0mc[38;2;83;255;0ma[38;2;77;255;0mn[38;2;70;255;0m/[38;2;64;255;0mR[38;2;57;255;0mu[38;2;51;255;0ms[38;2;45;255;0mt[38;2;38;255;0mS[38;2;32;255;0mc[38;2;26;255;0ma[38;2;19;255;0mn[38;2;13;255;0m [38;2;6;255;0m:[0m
[38;2;255;255;0m [38;2;249;255;0m-[38;2;242;255;0m-[38;2;236;255;0m-[38;2;230;255;0m-[38;2;223;255;0m-[38;2;217;255;0m-[38;2;210;255;0m-[38;2;204;255;0m-[38;2;198;255;0m-[38;2;191;255;0m-[38;2;185;255;0m-[38;2;179;255;0m-[38;2;172;255;0m-[38;2;166;255;0m-[38;2;159;255;0m-[38;2;153;255;0m-[38;2;147;255;0m-[38;2;140;255;0m-[38;2;134;255;0m-[38;2;128;255;0m-[38;2;121;255;0m-[38;2;115;255;0m-[38;2;108;255;0m-[38;2;102;255;0m-[38;2;96;255;0m-[38;2;89;255;0m-[38;2;83;255;0m-[38;2;77;255;0m-[38;2;70;255;0m-[38;2;64;255;0m-[38;2;57;255;0m-[38;2;51;255;0m-[38;2;45;255;0m-[38;2;38;255;0m-[38;2;32;255;0m-[38;2;26;255;0m-[38;2;19;255;0m-[38;2;13;255;0m-[0m[0m
Please contribute more quotes to our GitHub https://github.com/rustscan/rustscan

[1;34m[~][0m The config file is expected to be at "/home/bufu/.rustscan.toml"
[1;34m[~][0m Automatically increasing ulimit value to 1500.
[1;31m[!][0m File limit is lower than default batch size. Consider upping with --ulimit. May cause harm to sensitive servers
[1;31m[!][0m Your file limit is very small, which negatively impacts RustScan's speed. Use the Docker image, or up the Ulimit with '--ulimit 5000'. 
Open 10.10.255.60:22
Open 10.10.255.60:80
[1;34m[~][0m Starting Script(s)
[1;38;2;0;255;9m[>][0m Script to be run Some("nmap -vvv -p {{port}} {{ip}}")

[1;34m[~][0m Starting Nmap 7.91 ( https://nmap.org ) at 2020-12-23 20:03 CET
NSE: Loaded 153 scripts for scanning.
NSE: Script Pre-scanning.
NSE: Starting runlevel 1 (of 3) scan.
Initiating NSE at 20:03
Completed NSE at 20:03, 0.00s elapsed
NSE: Starting runlevel 2 (of 3) scan.
Initiating NSE at 20:03
Completed NSE at 20:03, 0.00s elapsed
NSE: Starting runlevel 3 (of 3) scan.
Initiating NSE at 20:03
Completed NSE at 20:03, 0.00s elapsed
Initiating Ping Scan at 20:03
Scanning 10.10.255.60 [2 ports]
Completed Ping Scan at 20:03, 0.04s elapsed (1 total hosts)
Initiating Parallel DNS resolution of 1 host. at 20:03
Completed Parallel DNS resolution of 1 host. at 20:03, 0.05s elapsed
DNS resolution of 1 IPs took 0.05s. Mode: Async [#: 1, OK: 0, NX: 1, DR: 0, SF: 0, TR: 1, CN: 0]
Initiating Connect Scan at 20:03
Scanning 10.10.255.60 [2 ports]
Discovered open port 80/tcp on 10.10.255.60
Discovered open port 22/tcp on 10.10.255.60
Completed Connect Scan at 20:03, 0.04s elapsed (2 total ports)
Initiating Service scan at 20:03
Scanning 2 services on 10.10.255.60
Completed Service scan at 20:03, 6.10s elapsed (2 services on 1 host)
NSE: Script scanning 10.10.255.60.
NSE: Starting runlevel 1 (of 3) scan.
Initiating NSE at 20:03
Completed NSE at 20:03, 5.90s elapsed
NSE: Starting runlevel 2 (of 3) scan.
Initiating NSE at 20:03
Completed NSE at 20:03, 0.16s elapsed
NSE: Starting runlevel 3 (of 3) scan.
Initiating NSE at 20:03
Completed NSE at 20:03, 0.00s elapsed
Nmap scan report for 10.10.255.60
Host is up, received syn-ack (0.039s latency).
Scanned at 2020-12-23 20:03:04 CET for 13s

PORT   STATE SERVICE REASON  VERSION
22/tcp open  ssh     syn-ack OpenSSH 7.2p2 Ubuntu 4ubuntu2.7 (Ubuntu Linux; protocol 2.0)
| ssh-hostkey: 
|   2048 61:ea:89:f1:d4:a7:dc:a5:50:f7:6d:89:c3:af:0b:03 (RSA)
| ssh-rsa AAAAB3NzaC1yc2EAAAADAQABAAABAQDFJTi0lKi0G+v4eFQU+P+CBodBOruOQC+3C/nXv0JVeR7yDWH6iRsFsevDofWcq05MZBr/CDPCnluhZzM1psx+5bp1Eiv3ecO0PF1QjhAzsPwUcmFSG1zAg+S757M+RFeRs0Jw0WMev8N6aR3uBZQSDPwBHGps+mZZZRcsssckJGQCZ4Qg/6PVFIwNGx9UoftdMFyfNMU/TDZmoatzo/FNEJOhbR38dF/xw9s/HRhugrUsLdNHyBxYShcY3B0Y2eLjnnuUWhYPmLZqgHuHr+eKnb1Ae3MB5lJTfZf3OmWaqcDVI3wpvQK7ACC9S8nxL3vYLyzxlvucEZHM9ILBI7Ov
|   256 b3:7d:72:46:1e:d3:41:b6:6a:91:15:16:c9:4a:a5:fa (ECDSA)
| ecdsa-sha2-nistp256 AAAAE2VjZHNhLXNoYTItbmlzdHAyNTYAAAAIbmlzdHAyNTYAAABBBKAU0Orx0zOb8C4AtiV+Q1z2yj1DKw5Z2TA2UTS9Ee1AYJcMtM62+f7vGCgoTNN3eFj3lTvktOt+nMYsipuCxdY=
|   256 53:67:09:dc:ff:fb:3a:3e:fb:fe:cf:d8:6d:41:27:ab (ED25519)
|_ssh-ed25519 AAAAC3NzaC1lZDI1NTE5AAAAIL6LScmHgHeP2OMerYFiDsNPqgqFbsL+GsyehB76kldy
80/tcp open  http    syn-ack Apache httpd 2.4.18 ((Ubuntu))
| http-cookie-flags: 
|   /: 
|     PHPSESSID: 
|_      httponly flag not set
| http-methods: 
|_  Supported Methods: GET HEAD POST OPTIONS
|_http-server-header: Apache/2.4.18 (Ubuntu)
|_http-title: Game Zone
Service Info: OS: Linux; CPE: cpe:/o:linux:linux_kernel

NSE: Script Post-scanning.
NSE: Starting runlevel 1 (of 3) scan.
Initiating NSE at 20:03
Completed NSE at 20:03, 0.00s elapsed
NSE: Starting runlevel 2 (of 3) scan.
Initiating NSE at 20:03
Completed NSE at 20:03, 0.00s elapsed
NSE: Starting runlevel 3 (of 3) scan.
Initiating NSE at 20:03
Completed NSE at 20:03, 0.00s elapsed
Read data files from: /usr/bin/../share/nmap
Service detection performed. Please report any incorrect results at https://nmap.org/submit/ .
Nmap done: 1 IP address (1 host up) scanned in 12.68 seconds

