===============================================================
Gobuster v3.0.1
by OJ Reeves (@TheColonial) & Christian Mehlmauer (@_FireFart_)
===============================================================
[+] Url:            http://10.10.124.241
[+] Threads:        20
[+] Wordlist:       /opt/big.txt
[+] Status codes:   200,204,301,302,307,401,403
[+] User Agent:     gobuster/3.0.1
[+] Timeout:        10s
===============================================================
2020/12/12 13:16:06 Starting gobuster
===============================================================
/.htaccess (Status: 403)
/.htpasswd (Status: 403)
/cats (Status: 301)
/dogs (Status: 301)
/server-status (Status: 403)
===============================================================
2020/12/12 13:16:48 Finished
===============================================================
